<?xml version="1.0" encoding="UTF-8"?>
<testsuites name="jest tests" tests="14" failures="0" errors="0" time="3.346">
  <testsuite name="Verify Account page Test" errors="0" failures="0" skipped="0" timestamp="2021-09-25T16:39:35" time="1.994" tests="4">
    <testcase classname="Verify Account page Test Verify Account page should render" name="Verify Account page Test Verify Account page should render" time="0.02">
    </testcase>
    <testcase classname="Verify Account page Test Should have success axios verification" name="Verify Account page Test Should have success axios verification" time="0.058">
    </testcase>
    <testcase classname="Verify Account page Test Should have failed axios verification" name="Verify Account page Test Should have failed axios verification" time="0.056">
    </testcase>
    <testcase classname="Verify Account page Test Should have failed axios verification with empty error message" name="Verify Account page Test Should have failed axios verification with empty error message" time="0.056">
    </testcase>
  </testsuite>
  <testsuite name="Dashboard page Test" errors="0" failures="0" skipped="0" timestamp="2021-09-25T16:39:37" time="0.055" tests="1">
    <testcase classname="Dashboard page Test Dashboard page should render" name="Dashboard page Test Dashboard page should render" time="0.004">
    </testcase>
  </testsuite>
  <testsuite name="StudentDetail page Test" errors="0" failures="0" skipped="0" timestamp="2021-09-25T16:39:37" time="0.051" tests="1">
    <testcase classname="StudentDetail page Test StudentDetail page should render" name="StudentDetail page Test StudentDetail page should render" time="0.003">
    </testcase>
  </testsuite>
  <testsuite name="Input atom Test" errors="0" failures="0" skipped="0" timestamp="2021-09-25T16:39:37" time="0.057" tests="1">
    <testcase classname="Input atom Test Input atom should render" name="Input atom Test Input atom should render" time="0.005">
    </testcase>
  </testsuite>
  <testsuite name="StudentCreate page Test" errors="0" failures="0" skipped="0" timestamp="2021-09-25T16:39:37" time="0.056" tests="1">
    <testcase classname="StudentCreate page Test StudentCreate page should render" name="StudentCreate page Test StudentCreate page should render" time="0.004">
    </testcase>
  </testsuite>
  <testsuite name="Profile page Test" errors="0" failures="0" skipped="0" timestamp="2021-09-25T16:39:37" time="0.061" tests="1">
    <testcase classname="Profile page Test Profile page should render" name="Profile page Test Profile page should render" time="0.003">
    </testcase>
  </testsuite>
  <testsuite name="StudentList page Test" errors="0" failures="0" skipped="0" timestamp="2021-09-25T16:39:37" time="0.049" tests="1">
    <testcase classname="StudentList page Test StudentList page should render" name="StudentList page Test StudentList page should render" time="0.003">
    </testcase>
  </testsuite>
  <testsuite name="Signup page Test" errors="0" failures="0" skipped="0" timestamp="2021-09-25T16:39:37" time="0.045" tests="1">
    <testcase classname="Signup page Test Signup page should render" name="Signup page Test Signup page should render" time="0.003">
    </testcase>
  </testsuite>
  <testsuite name="Signin page Test" errors="0" failures="0" skipped="0" timestamp="2021-09-25T16:39:37" time="0.051" tests="1">
    <testcase classname="Signin page Test Signin page should render" name="Signin page Test Signin page should render" time="0.003">
    </testcase>
  </testsuite>
  <testsuite name="Home page Test" errors="0" failures="0" skipped="0" timestamp="2021-09-25T16:39:37" time="0.053" tests="1">
    <testcase classname="Home page Test home page should render" name="Home page Test home page should render" time="0.005">
    </testcase>
  </testsuite>
  <testsuite name="AuthHoc Test" errors="0" failures="0" skipped="0" timestamp="2021-09-25T16:39:37" time="0.031" tests="1">
    <testcase classname="AuthHoc Test AuthHoc should work" name="AuthHoc Test AuthHoc should work" time="0">
    </testcase>
  </testsuite>
</testsuites>