<?xml version="1.0" encoding="UTF-8"?>
<testsuites name="jest tests" tests="2" failures="0" errors="0" time="5.005">
  <testsuite name="Home page Test" errors="0" failures="0" skipped="0" timestamp="2021-09-24T20:53:38" time="3.193" tests="1">
    <testcase classname="Home page Test home page should render" name="Home page Test home page should render" time="0.003">
    </testcase>
  </testsuite>
  <testsuite name="Sample text" errors="0" failures="0" skipped="0" timestamp="2021-09-24T20:53:41" time="0.044" tests="1">
    <testcase classname="Sample text Sample test" name="Sample text Sample test" time="0.001">
    </testcase>
  </testsuite>
</testsuites>